<?xml version="1.0" encoding="UTF-8"?><testsuite errors="1" failures="0" name="RimacProcurador" skipped="0" tests="1" time="26.78" timestamp="2020-05-02 08:23:03"><testcase name="Contactar cliente"><error message="An element could not be located on the page using the given search parameters.&#10;For documentation on this error, please visit: https://www.seleniumhq.org/exceptions/no_such_element.html&#10;Build info: version: '3.141.59', revision: 'e82be7d358', time: '2018-11-14T08:17:03'&#10;System info: host: 'LAP-RETA', ip: '192.168.63.2', os.name: 'Windows 10', os.arch: 'amd64', os.version: '10.0', java.version: '1.8.0_201'&#10;Driver info: io.appium.java_client.android.AndroidDriver&#10;Capabilities {app: D:\RepositoriosGit\RimacPro..., appActivity: pe.com.rimac.geo.procurador..., appPackage: pe.com.rimac.geo.procurador, autoGrantPermissions: true, databaseEnabled: false, desired: {app: D:\RepositoriosGit\RimacPro..., appActivity: pe.com.rimac.geo.procurador..., appPackage: pe.com.rimac.geo.procurador, autoGrantPermissions: true, deviceName: Samsung Galaxy S10, fullReset: true, newCommandTimeout: 7200, noReset: false, platformName: android, platformVersion: 9, usePrebuiltWDA: true}, deviceApiLevel: 28, deviceManufacturer: unknown, deviceModel: Samsung Galaxy S10, deviceName: 192.168.63.101:5555, deviceScreenDensity: 560, deviceScreenSize: 1440x3040, deviceUDID: 192.168.63.101:5555, fullReset: true, javascriptEnabled: true, locationContextEnabled: false, networkConnectionEnabled: true, newCommandTimeout: 7200, noReset: false, pixelRatio: 3.5, platform: LINUX, platformName: Android, platformVersion: 9, statBarHeight: 84, takesScreenshot: true, usePrebuiltWDA: true, viewportRect: {height: 2956, left: 0, top: 84, width: 1440}, warnings: {}, webStorageEnabled: false}&#10;Session ID: f03d77ff-11ad-4cd2-9f51-ee36aad62dc3&#10;*** Element info: {Using=xpath, value=//*[@text='Usuario']}&#10;For documentation on this error, please visit: https://www.seleniumhq.org/exceptions/no_such_element.html&#10;Build info: version: '3.141.59', revision: 'e82be7d358', time: '2018-11-14T08:17:03'&#10;System info: host: 'LAP-RETA', ip: '192.168.63.2', os.name: 'Windows 10', os.arch: 'amd64', os.version: '10.0', java.version: '1.8.0_201'&#10;Driver info: driver.version: AndroidDriver" type="org.openqa.selenium.NoSuchElementException">An element could not be located on the page using the given search parameters.
For documentation on this error, please visit: https://www.seleniumhq.org/exceptions/no_such_element.html
Build info: version: '3.141.59', revision: 'e82be7d358', time: '2018-11-14T08:17:03'
System info: host: 'LAP-RETA', ip: '192.168.63.2', os.name: 'Windows 10', os.arch: 'amd64', os.version: '10.0', java.version: '1.8.0_201'
Driver info: io.appium.java_client.android.AndroidDriver
Capabilities {app: D:\RepositoriosGit\RimacPro..., appActivity: pe.com.rimac.geo.procurador..., appPackage: pe.com.rimac.geo.procurador, autoGrantPermissions: true, databaseEnabled: false, desired: {app: D:\RepositoriosGit\RimacPro..., appActivity: pe.com.rimac.geo.procurador..., appPackage: pe.com.rimac.geo.procurador, autoGrantPermissions: true, deviceName: Samsung Galaxy S10, fullReset: true, newCommandTimeout: 7200, noReset: false, platformName: android, platformVersion: 9, usePrebuiltWDA: true}, deviceApiLevel: 28, deviceManufacturer: unknown, deviceModel: Samsung Galaxy S10, deviceName: 192.168.63.101:5555, deviceScreenDensity: 560, deviceScreenSize: 1440x3040, deviceUDID: 192.168.63.101:5555, fullReset: true, javascriptEnabled: true, locationContextEnabled: false, networkConnectionEnabled: true, newCommandTimeout: 7200, noReset: false, pixelRatio: 3.5, platform: LINUX, platformName: Android, platformVersion: 9, statBarHeight: 84, takesScreenshot: true, usePrebuiltWDA: true, viewportRect: {height: 2956, left: 0, top: 84, width: 1440}, warnings: {}, webStorageEnabled: false}
Session ID: f03d77ff-11ad-4cd2-9f51-ee36aad62dc3
*** Element info: {Using=xpath, value=//*[@text='Usuario']}
For documentation on this error, please visit: https://www.seleniumhq.org/exceptions/no_such_element.html
Build info: version: '3.141.59', revision: 'e82be7d358', time: '2018-11-14T08:17:03'
System info: host: 'LAP-RETA', ip: '192.168.63.2', os.name: 'Windows 10', os.arch: 'amd64', os.version: '10.0', java.version: '1.8.0_201'
Driver info: driver.version: AndroidDriver</error><system-err>An element could not be located on the page using the given search parameters.
For documentation on this error, please visit: https://www.seleniumhq.org/exceptions/no_such_element.html
Build info: version: '3.141.59', revision: 'e82be7d358', time: '2018-11-14T08:17:03'
System info: host: 'LAP-RETA', ip: '192.168.63.2', os.name: 'Windows 10', os.arch: 'amd64', os.version: '10.0', java.version: '1.8.0_201'
Driver info: io.appium.java_client.android.AndroidDriver
Capabilities {app: D:\RepositoriosGit\RimacPro..., appActivity: pe.com.rimac.geo.procurador..., appPackage: pe.com.rimac.geo.procurador, autoGrantPermissions: true, databaseEnabled: false, desired: {app: D:\RepositoriosGit\RimacPro..., appActivity: pe.com.rimac.geo.procurador..., appPackage: pe.com.rimac.geo.procurador, autoGrantPermissions: true, deviceName: Samsung Galaxy S10, fullReset: true, newCommandTimeout: 7200, noReset: false, platformName: android, platformVersion: 9, usePrebuiltWDA: true}, deviceApiLevel: 28, deviceManufacturer: unknown, deviceModel: Samsung Galaxy S10, deviceName: 192.168.63.101:5555, deviceScreenDensity: 560, deviceScreenSize: 1440x3040, deviceUDID: 192.168.63.101:5555, fullReset: true, javascriptEnabled: true, locationContextEnabled: false, networkConnectionEnabled: true, newCommandTimeout: 7200, noReset: false, pixelRatio: 3.5, platform: LINUX, platformName: Android, platformVersion: 9, statBarHeight: 84, takesScreenshot: true, usePrebuiltWDA: true, viewportRect: {height: 2956, left: 0, top: 84, width: 1440}, warnings: {}, webStorageEnabled: false}
Session ID: f03d77ff-11ad-4cd2-9f51-ee36aad62dc3
*** Element info: {Using=xpath, value=//*[@text='Usuario']}
For documentation on this error, please visit: https://www.seleniumhq.org/exceptions/no_such_element.html
Build info: version: '3.141.59', revision: 'e82be7d358', time: '2018-11-14T08:17:03'
System info: host: 'LAP-RETA', ip: '192.168.63.2', os.name: 'Windows 10', os.arch: 'amd64', os.version: '10.0', java.version: '1.8.0_201'
Driver info: driver.version: AndroidDriver&#13;
io.appium.java_client.remote.AppiumCommandExecutor.execute(AppiumCommandExecutor.java:239)&#13;
io.appium.java_client.DefaultGenericMobileDriver.execute(DefaultGenericMobileDriver.java:41)&#13;
io.appium.java_client.AppiumDriver.execute(AppiumDriver.java:1)&#13;
io.appium.java_client.android.AndroidDriver.execute(AndroidDriver.java:1)&#13;
io.appium.java_client.DefaultGenericMobileDriver.findElement(DefaultGenericMobileDriver.java:61)&#13;
io.appium.java_client.AppiumDriver.findElement(AppiumDriver.java:1)&#13;
io.appium.java_client.android.AndroidDriver.findElement(AndroidDriver.java:1)&#13;
io.appium.java_client.DefaultGenericMobileDriver.findElementByXPath(DefaultGenericMobileDriver.java:151)&#13;
io.appium.java_client.AppiumDriver.findElementByXPath(AppiumDriver.java:1)&#13;
io.appium.java_client.android.AndroidDriver.findElementByXPath(AndroidDriver.java:1)&#13;
io.appium.java_client.DefaultGenericMobileDriver.findElement(DefaultGenericMobileDriver.java:57)&#13;
io.appium.java_client.AppiumDriver.findElement(AppiumDriver.java:1)&#13;
io.appium.java_client.android.AndroidDriver.findElement(AndroidDriver.java:1)&#13;
framework.util.PageObjectUtil.seleniumEscribirUntil(PageObjectUtil.java:1058)&#13;
test.pages.LoginPage.ingresarCredenciales(LoginPage.java:115)&#13;
test.steps.LoguinSteps.ingresarCrendeciales(LoguinSteps.java:37)&#13;
✽.ingreso usuario "procuradorautoapp3@gmail.com" y password "Test2020#"(src/test/java/test/feature/RimacProcurador.feature:20)&#13;
</system-err></testcase></testsuite>